<?xml version="1.0" encoding="UTF-8"?>
<!-- Generated by org.testng.reporters.JUnitReportReporter -->
<testsuite skipped="0" hostname="LAPTOP-JVIESB53" name="DynamicJson" tests="3" failures="0" timestamp="22 Sep 2019 07:37:10 GMT" time="4.455" errors="0">
  <testcase name="PostDataExcel" time="3.853" classname="DynamicJson"/>
  <testcase name="PostDataExcel" time="0.321" classname="DynamicJson"/>
  <testcase name="PostDataExcel" time="0.281" classname="DynamicJson"/>
</testsuite> <!-- DynamicJson -->
