<?xml version="1.0" encoding="UTF-8"?>
<!-- Generated by org.testng.reporters.JUnitReportReporter -->
<testsuite skipped="0" hostname="LAPTOP-JVIESB53" name="basics5" tests="1" failures="0" timestamp="21 Sep 2019 08:29:56 GMT" time="5.323" errors="0">
  <testcase name="Test1" time="5.323" classname="basics5"/>
</testsuite> <!-- basics5 -->
