<?xml version="1.0" encoding="UTF-8"?>
<!-- Generated by org.testng.reporters.JUnitReportReporter -->
<testsuite skipped="0" hostname="LAPTOP-JVIESB53" name="basics" tests="1" failures="0" timestamp="14 Sep 2019 14:01:35 GMT" time="4.409" errors="0">
  <testcase name="Test1" time="4.409" classname="basics"/>
</testsuite> <!-- basics -->
