<?xml version="1.0" encoding="UTF-8"?>
<!-- Generated by org.testng.reporters.JUnitReportReporter -->
<testsuite skipped="0" hostname="LAPTOP-JVIESB53" name="basics2" tests="1" failures="0" timestamp="24 Sep 2019 18:16:31 GMT" time="3.723" errors="0">
  <testcase name="Test2" time="3.723" classname="basics2"/>
</testsuite> <!-- basics2 -->
