<?xml version="1.0" encoding="UTF-8"?>
<!-- Generated by org.testng.reporters.JUnitReportReporter -->
<testsuite skipped="0" hostname="LAPTOP-JVIESB53" name="basics4" tests="1" failures="0" timestamp="21 Apr 2020 16:46:45 GMT" time="19.272" errors="0">
  <testcase name="MapAPIAddAndDeletePlaceTest" time="19.272" classname="basics4"/>
</testsuite> <!-- basics4 -->
