<?xml version="1.0" encoding="UTF-8"?>
<!-- Generated by org.testng.reporters.JUnitReportReporter -->
<testsuite skipped="0" hostname="LAPTOP-JVIESB53" name="basics3" tests="1" failures="0" timestamp="21 Apr 2020 17:43:19 GMT" time="13.702" errors="0">
  <testcase name="MapAPIAddAndDeletePlaceTest" time="13.702" classname="basics3"/>
</testsuite> <!-- basics3 -->
